<?xml version="1.0" encoding="UTF-8"?>
<testsuite xmlns:xsi="http://www.w3.org/2001/XMLSchema-instance" xsi:noNamespaceSchemaLocation="https://maven.apache.org/surefire/maven-surefire-plugin/xsd/surefire-test-report.xsd" name="test.NewEmptyJUnitTest" time="5.018" tests="2" errors="0" skipped="0" failures="0">
  <properties>
[...]
</properties>
  <testcase name="hello{FxRobot}" classname="test.NewEmptyJUnitTest" time="3.417"/>
  <testcase name="jj{FxRobot}" classname="test.NewEmptyJUnitTest" time="1.598"/>
</testsuite>